*** Using Compiler 'V5.06 update 7 (build 960)', folder: 'D:\Software\Keil_v5\ARM\AC5\Bin'
Build target 'UARTRxInterrupt'
assembling startup_stm32f407xx.s...
compiling usart.c...
compiling stm32f4xx_hal_tim.c...
compiling stm32f4xx_hal_msp.c...
compiling main.c...
../Core/Src/main.c(47): warning:  #69-D: integer conversion resulted in truncation
  uint8_t blinkInerval = 1000;
../Core/Src/main.c: 1 warning, 0 errors
compiling gpio.c...
compiling stm32f4xx_hal_flash.c...
compiling stm32f4xx_it.c...
compiling stm32f4xx_hal_tim_ex.c...
compiling stm32f4xx_hal_rcc.c...
compiling stm32f4xx_hal_rcc_ex.c...
compiling stm32f4xx_hal_uart.c...
compiling stm32f4xx_hal.c...
compiling stm32f4xx_hal_dma.c...
compiling stm32f4xx_hal_pwr_ex.c...
compiling stm32f4xx_hal_cortex.c...
compiling system_stm32f4xx.c...
compiling stm32f4xx_hal_flash_ex.c...
compiling stm32f4xx_hal_gpio.c...
compiling stm32f4xx_hal_exti.c...
compiling stm32f4xx_hal_pwr.c...
compiling stm32f4xx_hal_flash_ramfunc.c...
compiling stm32f4xx_hal_dma_ex.c...
linking...
Program Size: Code=4886 RO-data=450 RW-data=20 ZI-data=1708  
FromELF: creating hex file...
"UARTRxInterrupt\UARTRxInterrupt.axf" - 0 Error(s), 1 Warning(s).
Build Time Elapsed:  00:00:08
