*** Using Compiler 'V5.06 update 7 (build 960)', folder: 'D:\Software\Keil_v5\ARM\AC5\Bin'
Build target 'Target 1'
assembling startup_stm32f10x_md.s...
compiling core_cm3.c...
compiling stm32f10x_dbgmcu.c...
compiling misc.c...
compiling stm32f10x_cec.c...
compiling stm32f10x_crc.c...
compiling stm32f10x_bkp.c...
compiling stm32f10x_dac.c...
compiling stm32f10x_adc.c...
compiling system_stm32f10x.c...
compiling stm32f10x_can.c...
compiling stm32f10x_dma.c...
compiling stm32f10x_exti.c...
compiling stm32f10x_fsmc.c...
compiling stm32f10x_flash.c...
compiling stm32f10x_gpio.c...
compiling stm32f10x_iwdg.c...
compiling stm32f10x_i2c.c...
compiling stm32f10x_pwr.c...
compiling stm32f10x_spi.c...
compiling stm32f10x_rtc.c...
compiling stm32f10x_sdio.c...
compiling stm32f10x_rcc.c...
compiling stm32f10x_tim.c...
compiling stm32f10x_wwdg.c...
compiling stm32f10x_usart.c...
compiling Delay.c...
compiling Timer.c...
compiling OLED_Data.c...
compiling key.c...
Hardware\key.c(39): warning:  #1-D: last line of file ends without a newline
  }
Hardware\key.c: 1 warning, 0 errors
compiling stm32f10x_it.c...
compiling main.c...
.\System\Timer.h(7): warning:  #1-D: last line of file ends without a newline
  #endif
.\Hardware\OLED.h(73): warning:  #1-D: last line of file ends without a newline
  void OLED_ShowCrowFly(uint8_t X, uint8_t Y, uint8_t Width, uint8_t Height, const uint8_t *Image);
.\Hardware\Key.h(7): warning:  #1-D: last line of file ends without a newline
  #endif
User\main.c(34): warning:  #68-D: integer conversion resulted in a change of sign
  int8_t cactus_pos = 128;
User\main.c(35): warning:  #68-D: integer conversion resulted in a change of sign
  int8_t cloud_pos = 128;
User\main.c(39): warning:  #68-D: integer conversion resulted in a change of sign
  int8_t high_crow_pos = 128;
User\main.c(126): warning:  #68-D: integer conversion resulted in a change of sign
  	if(cloud_pos <= 0)cloud_pos = 128;	
User\main.c(127): warning:  #167-D: argument of type "const int8_t *" is incompatible with parameter of type "const uint8_t *"
  	OLED_ShowCloud(cloud_pos, 8, 26, 8, CloudImg);
User\main.c: 8 warnings, 0 errors
compiling OLED.c...
Hardware\OLED.h(73): warning:  #1-D: last line of file ends without a newline
  void OLED_ShowCrowFly(uint8_t X, uint8_t Y, uint8_t Width, uint8_t Height, const uint8_t *Image);
Hardware\OLED.c(424): warning:  #167-D: argument of type "int8_t *" is incompatible with parameter of type "uint8_t *"
  		OLED_WriteData(OLED_DisplayBuf[j], 128);
Hardware\OLED.c(459): warning:  #167-D: argument of type "int8_t *" is incompatible with parameter of type "uint8_t *"
  		OLED_WriteData(&OLED_DisplayBuf[j][X], Width);
Hardware\OLED.c(1445): warning:  #69-D: integer conversion resulted in truncation
  	uint8_t ground_length = sizeof(GroundImg);
Hardware\OLED.c(1445): warning:  #177-D: variable "ground_length"  was declared but never referenced
  	uint8_t ground_length = sizeof(GroundImg);
Hardware\OLED.c: 5 warnings, 0 errors
linking...
Program Size: Code=9542 RO-data=5610 RW-data=112 ZI-data=2888  
".\Objects\Project.axf" - 0 Error(s), 14 Warning(s).
Build Time Elapsed:  00:00:02
