*** Using Compiler 'V5.06 update 7 (build 960)', folder: 'D:\Software\Keil_v5\ARM\AC5\Bin'
Build target 'HAL_100ask'
assembling startup_stm32f103xb.s...
compiling stm32f1xx_hal_tim.c...
compiling stm32f1xx_hal_tim_ex.c...
compiling usart.c...
compiling stm32f1xx_it.c...
compiling gpio.c...
compiling stm32f1xx_hal_gpio_ex.c...
compiling main.c...
compiling stm32f1xx_hal.c...
compiling stm32f1xx_hal_msp.c...
compiling stm32f1xx_hal_rcc.c...
compiling stm32f1xx_hal_uart.c...
compiling bsp.c...
..\BSP\bsp.h(73): error:  #5: cannot open source input file "bsp_key.h": No such file or directory
  #include "bsp_key.h"
..\BSP\bsp.c: 0 warnings, 1 error
compiling system_stm32f1xx.c...
compiling bsp_led.c...
..\BSP\bsp.h(73): error:  #5: cannot open source input file "bsp_key.h": No such file or directory
  #include "bsp_key.h"
..\BSP\src\bsp_led.c: 0 warnings, 1 error
compiling stm32f1xx_hal_exti.c...
compiling stm32f1xx_hal_pwr.c...
compiling stm32f1xx_hal_gpio.c...
compiling stm32f1xx_hal_rcc_ex.c...
compiling stm32f1xx_hal_cortex.c...
compiling stm32f1xx_hal_dma.c...
compiling stm32f1xx_hal_flash.c...
compiling stm32f1xx_hal_flash_ex.c...
"HAL_100ask\HAL_100ask.axf" - 2 Error(s), 0 Warning(s).
Target not created.
Build Time Elapsed:  00:00:03
