*** Using Compiler 'V5.06 update 7 (build 960)', folder: 'D:\Software\Keil_v5\ARM\AC5\Bin'
Build target 'SimpleUARTRx'
assembling startup_stm32f103xb.s...
compiling stm32f1xx_hal_gpio_ex.c...
compiling stm32f1xx_hal_tim.c...
compiling stm32f1xx_hal.c...
compiling main.c...
../Core/Src/main.c(188): warning:  #177-D: function "MX_GPIO_Init"  was declared but never referenced
  static void MX_GPIO_Init(void)
../Core/Src/main.c(155): warning:  #177-D: function "MX_USART1_UART_Init"  was declared but never referenced
  static void MX_USART1_UART_Init(void)
../Core/Src/main.c: 2 warnings, 0 errors
compiling stm32f1xx_hal_rcc_ex.c...
compiling stm32f1xx_it.c...
compiling stm32f1xx_hal_gpio.c...
compiling stm32f1xx_hal_msp.c...
compiling stm32f1xx_hal_tim_ex.c...
compiling stm32f1xx_hal_rcc.c...
compiling stm32f1xx_hal_uart.c...
compiling stm32f1xx_hal_dma.c...
compiling stm32f1xx_hal_cortex.c...
compiling system_stm32f1xx.c...
compiling stm32f1xx_hal_exti.c...
compiling stm32f1xx_hal_pwr.c...
compiling stm32f1xx_hal_flash.c...
compiling stm32f1xx_hal_flash_ex.c...
linking...
Program Size: Code=3148 RO-data=312 RW-data=16 ZI-data=1704  
FromELF: creating hex file...
"SimpleUARTRx\SimpleUARTRx.axf" - 0 Error(s), 2 Warning(s).
Build Time Elapsed:  00:00:03
